<?xml version="1.0" encoding="UTF-8"?>
<coverage generated="1757182069821" clover="3.2.0">
  <project timestamp="1757182069821" name="All files">
    <metrics statements="54" coveredstatements="48" conditionals="19" coveredconditionals="16" methods="20" coveredmethods="19" elements="93" coveredelements="83" complexity="0" loc="54" ncloc="54" packages="1" files="1" classes="1"/>
    <file name="memory-storage.ts" path="C:\Users\Chintu\Documents\Dev Zone\Dev work web\PSAAS\lib\memory-storage.ts">
      <metrics statements="54" coveredstatements="48" conditionals="19" coveredconditionals="16" methods="20" coveredmethods="19"/>
      <line num="104" count="1" type="stmt"/>
      <line num="105" count="1" type="stmt"/>
      <line num="106" count="1" type="stmt"/>
      <line num="107" count="1" type="stmt"/>
      <line num="110" count="1" type="stmt"/>
      <line num="193" count="1" type="stmt"/>
      <line num="331" count="1" type="stmt"/>
      <line num="342" count="1" type="stmt"/>
      <line num="485" count="1" type="stmt"/>
      <line num="486" count="1" type="stmt"/>
      <line num="487" count="1" type="stmt"/>
      <line num="488" count="1" type="stmt"/>
      <line num="490" count="1" type="stmt"/>
      <line num="493" count="2" type="stmt"/>
      <line num="499" count="2" type="stmt"/>
      <line num="500" count="2" type="stmt"/>
      <line num="504" count="1" type="stmt"/>
      <line num="505" count="10" type="stmt"/>
      <line num="510" count="14" type="stmt"/>
      <line num="511" count="2" type="cond" truecount="2" falsecount="0"/>
      <line num="512" count="1" type="stmt"/>
      <line num="513" count="1" type="stmt"/>
      <line num="515" count="1" type="stmt"/>
      <line num="520" count="3" type="stmt"/>
      <line num="526" count="3" type="stmt"/>
      <line num="527" count="3" type="stmt"/>
      <line num="531" count="6" type="cond" truecount="2" falsecount="0"/>
      <line num="532" count="17" type="stmt"/>
      <line num="536" count="14" type="stmt"/>
      <line num="537" count="2" type="cond" truecount="2" falsecount="0"/>
      <line num="538" count="1" type="stmt"/>
      <line num="539" count="1" type="stmt"/>
      <line num="541" count="1" type="stmt"/>
      <line num="545" count="15" type="stmt"/>
      <line num="546" count="2" type="cond" truecount="2" falsecount="0"/>
      <line num="547" count="1" type="stmt"/>
      <line num="548" count="1" type="stmt"/>
      <line num="550" count="1" type="stmt"/>
      <line num="555" count="0" type="stmt"/>
      <line num="560" count="0" type="stmt"/>
      <line num="561" count="0" type="stmt"/>
      <line num="565" count="2" type="cond" truecount="2" falsecount="0"/>
      <line num="569" count="1" type="stmt"/>
      <line num="570" count="1" type="cond" truecount="1" falsecount="1"/>
      <line num="571" count="1" type="stmt"/>
      <line num="572" count="1" type="stmt"/>
      <line num="574" count="0" type="stmt"/>
      <line num="579" count="1" type="cond" truecount="1" falsecount="1"/>
      <line num="583" count="1" type="cond" truecount="1" falsecount="1"/>
      <line num="584" count="0" type="stmt"/>
      <line num="605" count="0" type="stmt"/>
      <line num="607" count="1" type="stmt"/>
      <line num="609" count="1" type="stmt"/>
      <line num="614" count="1" type="stmt"/>
    </file>
  </project>
</coverage>
