{"C:\\Users\\Chintu\\Documents\\Dev Zone\\Dev work web\\PSAAS\\lib\\memory-storage.ts": {"path":"C:\\Users\\Chintu\\Documents\\Dev Zone\\Dev work web\\PSAAS\\lib\\memory-storage.ts","statementMap":{"0":{"start":{"line":490,"column":13},"end":{"line":490,"column":34}},"1":{"start":{"line":614,"column":13},"end":{"line":614,"column":28}},"2":{"start":{"line":104,"column":44},"end":{"line":104,"column":46}},"3":{"start":{"line":105,"column":32},"end":{"line":105,"column":34}},"4":{"start":{"line":106,"column":36},"end":{"line":106,"column":38}},"5":{"start":{"line":107,"column":47},"end":{"line":107,"column":49}},"6":{"start":{"line":110,"column":52},"end":{"line":191,"column":null}},"7":{"start":{"line":193,"column":40},"end":{"line":329,"column":null}},"8":{"start":{"line":331,"column":44},"end":{"line":340,"column":null}},"9":{"start":{"line":342,"column":55},"end":{"line":482,"column":null}},"10":{"start":{"line":485,"column":0},"end":{"line":485,"column":null}},"11":{"start":{"line":486,"column":0},"end":{"line":486,"column":null}},"12":{"start":{"line":487,"column":0},"end":{"line":487,"column":null}},"13":{"start":{"line":488,"column":0},"end":{"line":488,"column":null}},"14":{"start":{"line":493,"column":44},"end":{"line":498,"column":null}},"15":{"start":{"line":499,"column":4},"end":{"line":499,"column":null}},"16":{"start":{"line":500,"column":4},"end":{"line":500,"column":null}},"17":{"start":{"line":504,"column":4},"end":{"line":506,"column":null}},"18":{"start":{"line":505,"column":22},"end":{"line":505,"column":null}},"19":{"start":{"line":510,"column":20},"end":{"line":510,"column":null}},"20":{"start":{"line":510,"column":47},"end":{"line":510,"column":null}},"21":{"start":{"line":511,"column":4},"end":{"line":514,"column":null}},"22":{"start":{"line":512,"column":6},"end":{"line":512,"column":null}},"23":{"start":{"line":513,"column":6},"end":{"line":513,"column":null}},"24":{"start":{"line":515,"column":4},"end":{"line":515,"column":null}},"25":{"start":{"line":520,"column":38},"end":{"line":525,"column":null}},"26":{"start":{"line":526,"column":4},"end":{"line":526,"column":null}},"27":{"start":{"line":527,"column":4},"end":{"line":527,"column":null}},"28":{"start":{"line":531,"column":29},"end":{"line":531,"column":null}},"29":{"start":{"line":531,"column":63},"end":{"line":531,"column":73}},"30":{"start":{"line":532,"column":4},"end":{"line":532,"column":null}},"31":{"start":{"line":532,"column":43},"end":{"line":532,"column":null}},"32":{"start":{"line":536,"column":20},"end":{"line":536,"column":null}},"33":{"start":{"line":536,"column":39},"end":{"line":536,"column":null}},"34":{"start":{"line":537,"column":4},"end":{"line":540,"column":null}},"35":{"start":{"line":538,"column":6},"end":{"line":538,"column":null}},"36":{"start":{"line":539,"column":6},"end":{"line":539,"column":null}},"37":{"start":{"line":541,"column":4},"end":{"line":541,"column":null}},"38":{"start":{"line":545,"column":18},"end":{"line":545,"column":null}},"39":{"start":{"line":545,"column":42},"end":{"line":545,"column":null}},"40":{"start":{"line":546,"column":4},"end":{"line":549,"column":null}},"41":{"start":{"line":547,"column":6},"end":{"line":547,"column":null}},"42":{"start":{"line":548,"column":6},"end":{"line":548,"column":null}},"43":{"start":{"line":550,"column":4},"end":{"line":550,"column":null}},"44":{"start":{"line":555,"column":37},"end":{"line":559,"column":null}},"45":{"start":{"line":560,"column":4},"end":{"line":560,"column":null}},"46":{"start":{"line":561,"column":4},"end":{"line":561,"column":null}},"47":{"start":{"line":565,"column":4},"end":{"line":565,"column":null}},"48":{"start":{"line":565,"column":35},"end":{"line":565,"column":66}},"49":{"start":{"line":569,"column":17},"end":{"line":569,"column":null}},"50":{"start":{"line":569,"column":38},"end":{"line":569,"column":null}},"51":{"start":{"line":570,"column":4},"end":{"line":573,"column":null}},"52":{"start":{"line":571,"column":6},"end":{"line":571,"column":null}},"53":{"start":{"line":572,"column":6},"end":{"line":572,"column":null}},"54":{"start":{"line":574,"column":4},"end":{"line":574,"column":null}},"55":{"start":{"line":579,"column":4},"end":{"line":579,"column":null}},"56":{"start":{"line":583,"column":4},"end":{"line":608,"column":null}},"57":{"start":{"line":584,"column":49},"end":{"line":604,"column":null}},"58":{"start":{"line":605,"column":6},"end":{"line":605,"column":null}},"59":{"start":{"line":607,"column":6},"end":{"line":607,"column":null}},"60":{"start":{"line":609,"column":4},"end":{"line":609,"column":null}},"61":{"start":{"line":614,"column":31},"end":{"line":614,"column":null}}},"fnMap":{"0":{"name":"(anonymous_3)","decl":{"start":{"line":492,"column":2},"end":{"line":492,"column":8}},"loc":{"start":{"line":492,"column":113},"end":{"line":501,"column":null}}},"1":{"name":"(anonymous_4)","decl":{"start":{"line":503,"column":2},"end":{"line":503,"column":8}},"loc":{"start":{"line":503,"column":80},"end":{"line":507,"column":null}}},"2":{"name":"(anonymous_5)","decl":{"start":{"line":505,"column":12},"end":{"line":505,"column":13}},"loc":{"start":{"line":505,"column":22},"end":{"line":505,"column":null}}},"3":{"name":"(anonymous_6)","decl":{"start":{"line":509,"column":2},"end":{"line":509,"column":8}},"loc":{"start":{"line":509,"column":103},"end":{"line":516,"column":null}}},"4":{"name":"(anonymous_7)","decl":{"start":{"line":510,"column":40},"end":{"line":510,"column":47}},"loc":{"start":{"line":510,"column":47},"end":{"line":510,"column":null}}},"5":{"name":"(anonymous_8)","decl":{"start":{"line":519,"column":2},"end":{"line":519,"column":8}},"loc":{"start":{"line":519,"column":104},"end":{"line":528,"column":null}}},"6":{"name":"(anonymous_9)","decl":{"start":{"line":530,"column":2},"end":{"line":530,"column":8}},"loc":{"start":{"line":530,"column":66},"end":{"line":533,"column":null}}},"7":{"name":"(anonymous_10)","decl":{"start":{"line":531,"column":58},"end":{"line":531,"column":63}},"loc":{"start":{"line":531,"column":63},"end":{"line":531,"column":73}}},"8":{"name":"(anonymous_11)","decl":{"start":{"line":532,"column":33},"end":{"line":532,"column":34}},"loc":{"start":{"line":532,"column":43},"end":{"line":532,"column":null}}},"9":{"name":"(anonymous_12)","decl":{"start":{"line":535,"column":2},"end":{"line":535,"column":8}},"loc":{"start":{"line":535,"column":85},"end":{"line":542,"column":null}}},"10":{"name":"(anonymous_13)","decl":{"start":{"line":536,"column":34},"end":{"line":536,"column":39}},"loc":{"start":{"line":536,"column":39},"end":{"line":536,"column":null}}},"11":{"name":"(anonymous_14)","decl":{"start":{"line":544,"column":2},"end":{"line":544,"column":8}},"loc":{"start":{"line":544,"column":52},"end":{"line":551,"column":null}}},"12":{"name":"(anonymous_15)","decl":{"start":{"line":545,"column":37},"end":{"line":545,"column":42}},"loc":{"start":{"line":545,"column":42},"end":{"line":545,"column":null}}},"13":{"name":"(anonymous_16)","decl":{"start":{"line":554,"column":2},"end":{"line":554,"column":8}},"loc":{"start":{"line":554,"column":91},"end":{"line":562,"column":null}}},"14":{"name":"(anonymous_17)","decl":{"start":{"line":564,"column":2},"end":{"line":564,"column":8}},"loc":{"start":{"line":564,"column":72},"end":{"line":566,"column":null}}},"15":{"name":"(anonymous_18)","decl":{"start":{"line":565,"column":27},"end":{"line":565,"column":35}},"loc":{"start":{"line":565,"column":35},"end":{"line":565,"column":66}}},"16":{"name":"(anonymous_19)","decl":{"start":{"line":568,"column":2},"end":{"line":568,"column":8}},"loc":{"start":{"line":568,"column":60},"end":{"line":575,"column":null}}},"17":{"name":"(anonymous_20)","decl":{"start":{"line":569,"column":33},"end":{"line":569,"column":38}},"loc":{"start":{"line":569,"column":38},"end":{"line":569,"column":null}}},"18":{"name":"(anonymous_21)","decl":{"start":{"line":578,"column":2},"end":{"line":578,"column":8}},"loc":{"start":{"line":578,"column":68},"end":{"line":580,"column":null}}},"19":{"name":"(anonymous_22)","decl":{"start":{"line":582,"column":2},"end":{"line":582,"column":8}},"loc":{"start":{"line":582,"column":90},"end":{"line":610,"column":null}}}},"branchMap":{"0":{"loc":{"start":{"line":503,"column":26},"end":{"line":503,"column":36}},"type":"default-arg","locations":[{"start":{"line":503,"column":34},"end":{"line":503,"column":36}}]},"1":{"loc":{"start":{"line":503,"column":38},"end":{"line":503,"column":46}},"type":"default-arg","locations":[{"start":{"line":503,"column":45},"end":{"line":503,"column":46}}]},"2":{"loc":{"start":{"line":511,"column":4},"end":{"line":514,"column":null}},"type":"if","locations":[{"start":{"line":511,"column":4},"end":{"line":514,"column":null}},{"start":{},"end":{}}]},"3":{"loc":{"start":{"line":530,"column":20},"end":{"line":530,"column":38}},"type":"default-arg","locations":[{"start":{"line":530,"column":33},"end":{"line":530,"column":38}}]},"4":{"loc":{"start":{"line":531,"column":29},"end":{"line":531,"column":null}},"type":"cond-expr","locations":[{"start":{"line":531,"column":42},"end":{"line":531,"column":77}},{"start":{"line":531,"column":77},"end":{"line":531,"column":null}}]},"5":{"loc":{"start":{"line":537,"column":4},"end":{"line":540,"column":null}},"type":"if","locations":[{"start":{"line":537,"column":4},"end":{"line":540,"column":null}},{"start":{},"end":{}}]},"6":{"loc":{"start":{"line":546,"column":4},"end":{"line":549,"column":null}},"type":"if","locations":[{"start":{"line":546,"column":4},"end":{"line":549,"column":null}},{"start":{},"end":{}}]},"7":{"loc":{"start":{"line":565,"column":11},"end":{"line":565,"column":null}},"type":"binary-expr","locations":[{"start":{"line":565,"column":11},"end":{"line":565,"column":66}},{"start":{"line":565,"column":66},"end":{"line":565,"column":null}}]},"8":{"loc":{"start":{"line":570,"column":4},"end":{"line":573,"column":null}},"type":"if","locations":[{"start":{"line":570,"column":4},"end":{"line":573,"column":null}},{"start":{},"end":{}}]},"9":{"loc":{"start":{"line":579,"column":11},"end":{"line":579,"column":null}},"type":"binary-expr","locations":[{"start":{"line":579,"column":11},"end":{"line":579,"column":29}},{"start":{"line":579,"column":33},"end":{"line":579,"column":null}}]},"10":{"loc":{"start":{"line":583,"column":4},"end":{"line":608,"column":null}},"type":"if","locations":[{"start":{"line":583,"column":4},"end":{"line":608,"column":null}},{"start":{"line":606,"column":11},"end":{"line":608,"column":null}}]}},"s":{"0":1,"1":0,"2":1,"3":1,"4":1,"5":1,"6":1,"7":1,"8":1,"9":1,"10":1,"11":1,"12":1,"13":1,"14":2,"15":2,"16":2,"17":1,"18":10,"19":2,"20":14,"21":2,"22":1,"23":1,"24":1,"25":3,"26":3,"27":3,"28":2,"29":6,"30":2,"31":17,"32":2,"33":14,"34":2,"35":1,"36":1,"37":1,"38":2,"39":15,"40":2,"41":1,"42":1,"43":1,"44":0,"45":0,"46":0,"47":2,"48":2,"49":1,"50":1,"51":1,"52":1,"53":1,"54":0,"55":1,"56":1,"57":0,"58":0,"59":1,"60":1,"61":1},"f":{"0":2,"1":1,"2":10,"3":2,"4":14,"5":3,"6":2,"7":6,"8":17,"9":2,"10":14,"11":2,"12":15,"13":0,"14":2,"15":2,"16":1,"17":1,"18":1,"19":1},"b":{"0":[1],"1":[1],"2":[1,1],"3":[1],"4":[1,1],"5":[1,1],"6":[1,1],"7":[2,1],"8":[1,0],"9":[1,0],"10":[0,1]}}
}
