TN:
SF:lib\memory-storage.ts
FN:492,(anonymous_3)
FN:503,(anonymous_4)
FN:505,(anonymous_5)
FN:509,(anonymous_6)
FN:510,(anonymous_7)
FN:519,(anonymous_8)
FN:530,(anonymous_9)
FN:531,(anonymous_10)
FN:532,(anonymous_11)
FN:535,(anonymous_12)
FN:536,(anonymous_13)
FN:544,(anonymous_14)
FN:545,(anonymous_15)
FN:554,(anonymous_16)
FN:564,(anonymous_17)
FN:565,(anonymous_18)
FN:568,(anonymous_19)
FN:569,(anonymous_20)
FN:578,(anonymous_21)
FN:582,(anonymous_22)
FNF:20
FNH:19
FNDA:2,(anonymous_3)
FNDA:1,(anonymous_4)
FNDA:10,(anonymous_5)
FNDA:2,(anonymous_6)
FNDA:14,(anonymous_7)
FNDA:3,(anonymous_8)
FNDA:2,(anonymous_9)
FNDA:6,(anonymous_10)
FNDA:17,(anonymous_11)
FNDA:2,(anonymous_12)
FNDA:14,(anonymous_13)
FNDA:2,(anonymous_14)
FNDA:15,(anonymous_15)
FNDA:0,(anonymous_16)
FNDA:2,(anonymous_17)
FNDA:2,(anonymous_18)
FNDA:1,(anonymous_19)
FNDA:1,(anonymous_20)
FNDA:1,(anonymous_21)
FNDA:1,(anonymous_22)
DA:104,1
DA:105,1
DA:106,1
DA:107,1
DA:110,1
DA:193,1
DA:331,1
DA:342,1
DA:485,1
DA:486,1
DA:487,1
DA:488,1
DA:490,1
DA:493,2
DA:499,2
DA:500,2
DA:504,1
DA:505,10
DA:510,14
DA:511,2
DA:512,1
DA:513,1
DA:515,1
DA:520,3
DA:526,3
DA:527,3
DA:531,6
DA:532,17
DA:536,14
DA:537,2
DA:538,1
DA:539,1
DA:541,1
DA:545,15
DA:546,2
DA:547,1
DA:548,1
DA:550,1
DA:555,0
DA:560,0
DA:561,0
DA:565,2
DA:569,1
DA:570,1
DA:571,1
DA:572,1
DA:574,0
DA:579,1
DA:583,1
DA:584,0
DA:605,0
DA:607,1
DA:609,1
DA:614,1
LF:54
LH:48
BRDA:503,0,0,1
BRDA:503,1,0,1
BRDA:511,2,0,1
BRDA:511,2,1,1
BRDA:530,3,0,1
BRDA:531,4,0,1
BRDA:531,4,1,1
BRDA:537,5,0,1
BRDA:537,5,1,1
BRDA:546,6,0,1
BRDA:546,6,1,1
BRDA:565,7,0,2
BRDA:565,7,1,1
BRDA:570,8,0,1
BRDA:570,8,1,0
BRDA:579,9,0,1
BRDA:579,9,1,0
BRDA:583,10,0,0
BRDA:583,10,1,1
BRF:19
BRH:16
end_of_record
